<?xml version="1.0" encoding="UTF-8"?>
<coverage generated="1754314411390" clover="3.2.0">
  <project timestamp="1754314411390" name="All files">
    <metrics statements="13" coveredstatements="3" conditionals="12" coveredconditionals="3" methods="4" coveredmethods="1" elements="29" coveredelements="7" complexity="0" loc="13" ncloc="13" packages="1" files="1" classes="1"/>
    <file name="functions.js" path="/Users/fern-leigh/workspace/s-and-a-academy/testing-and-version-control-activities/day-1/demos/unit-testing-practice/functions.js">
      <metrics statements="13" coveredstatements="3" conditionals="12" coveredconditionals="3" methods="4" coveredmethods="1"/>
      <line num="11" count="1" type="cond" truecount="3" falsecount="1"/>
      <line num="12" count="0" type="stmt"/>
      <line num="14" count="1" type="stmt"/>
      <line num="23" count="0" type="cond" truecount="0" falsecount="2"/>
      <line num="24" count="0" type="stmt"/>
      <line num="26" count="0" type="stmt"/>
      <line num="35" count="0" type="cond" truecount="0" falsecount="4"/>
      <line num="36" count="0" type="stmt"/>
      <line num="38" count="0" type="stmt"/>
      <line num="47" count="0" type="cond" truecount="0" falsecount="2"/>
      <line num="48" count="0" type="stmt"/>
      <line num="50" count="0" type="stmt"/>
      <line num="54" count="1" type="stmt"/>
    </file>
  </project>
</coverage>
