{"/Users/fern-leigh/workspace/s-and-a-academy/testing-and-version-control-activities/day-1/demos/tdd/fizzbuzz.js": {"path":"/Users/fern-leigh/workspace/s-and-a-academy/testing-and-version-control-activities/day-1/demos/tdd/fizzbuzz.js","statementMap":{"0":{"start":{"line":2,"column":17},"end":{"line":2,"column":19}},"1":{"start":{"line":3,"column":27},"end":{"line":3,"column":42}},"2":{"start":{"line":4,"column":26},"end":{"line":4,"column":41}},"3":{"start":{"line":6,"column":4},"end":{"line":6,"column":41}},"4":{"start":{"line":6,"column":24},"end":{"line":6,"column":41}},"5":{"start":{"line":7,"column":4},"end":{"line":7,"column":40}},"6":{"start":{"line":7,"column":23},"end":{"line":7,"column":40}},"7":{"start":{"line":8,"column":4},"end":{"line":8,"column":64}},"8":{"start":{"line":8,"column":42},"end":{"line":8,"column":64}},"9":{"start":{"line":10,"column":4},"end":{"line":10,"column":18}},"10":{"start":{"line":13,"column":0},"end":{"line":15,"column":1}}},"fnMap":{"0":{"name":"fizzBuzz","decl":{"start":{"line":1,"column":9},"end":{"line":1,"column":17}},"loc":{"start":{"line":1,"column":25},"end":{"line":11,"column":1}},"line":1}},"branchMap":{"0":{"loc":{"start":{"line":6,"column":4},"end":{"line":6,"column":41}},"type":"if","locations":[{"start":{"line":6,"column":4},"end":{"line":6,"column":41}},{"start":{},"end":{}}],"line":6},"1":{"loc":{"start":{"line":7,"column":4},"end":{"line":7,"column":40}},"type":"if","locations":[{"start":{"line":7,"column":4},"end":{"line":7,"column":40}},{"start":{},"end":{}}],"line":7},"2":{"loc":{"start":{"line":8,"column":4},"end":{"line":8,"column":64}},"type":"if","locations":[{"start":{"line":8,"column":4},"end":{"line":8,"column":64}},{"start":{},"end":{}}],"line":8},"3":{"loc":{"start":{"line":8,"column":7},"end":{"line":8,"column":40}},"type":"binary-expr","locations":[{"start":{"line":8,"column":7},"end":{"line":8,"column":22}},{"start":{"line":8,"column":26},"end":{"line":8,"column":40}}],"line":8}},"s":{"0":4,"1":4,"2":4,"3":4,"4":1,"5":4,"6":1,"7":4,"8":2,"9":4,"10":1},"f":{"0":4},"b":{"0":[1,3],"1":[1,3],"2":[2,2],"3":[4,3]},"_coverageSchema":"1a1c01bbd47fc00a2c39e90264f33305004495a9","hash":"5b6ca7b0026cc93d0f870f6bcf9ad6bc6e8c32f7"}
}
